{"logLevel":"debug","message":"multithreading is set to false"}
{"logLevel":"debug","message":"Using reflection to scan dependencies for gauge implementations..."}
SLF4J: Failed to load class "org.slf4j.impl.StaticLoggerBinder".
SLF4J: Defaulting to no-operation (NOP) logger implementation
SLF4J: See http://www.slf4j.org/codes.html#StaticLoggerBinder for further details.
{"logLevel":"debug","message":"gauge-java took 1997milliseconds to load and scan. This should be less than 'runner_connection_timeout' config value."}
{"logLevel":"debug","message":"run 'gauge config runner_connection_timeout' and verify that it is < 1997"}
{"logLevel":"debug","message":"starting gRPC server..."}
{"logLevel":"debug","message":"started gRPC server on port 54515"}
{"logLevel":"info","message":"Listening on port:54515"}
{"logLevel":"debug","message":"Scanning packages for steps"}
{"logLevel":"debug","message":"Comparing 'org.example.StepImplementation.gotoContributionPage' and 'org.example.StepImplementation.gotoContributionPage'"}
{"logLevel":"debug","message":"Found Go to Gauge Contribution page in current project scope."}
{"logLevel":"debug","message":"Comparing 'org.example.StepImplementation.navigateToHomepage' and 'org.example.StepImplementation.navigateToHomepage'"}
{"logLevel":"debug","message":"Found Open the Gauge homepage in current project scope."}
{"logLevel":"debug","message":"Comparing 'org.example.StepImplementation.validationOfDocumentation' and 'org.example.StepImplementation.validationOfDocumentation'"}
{"logLevel":"debug","message":"Found Ensure documentation title exists in current project scope."}
{"logLevel":"debug","message":"Comparing 'org.example.StepImplementation.ensureInstallationInstructionsAreAvailable' and 'org.example.StepImplementation.ensureInstallationInstructionsAreAvailable'"}
{"logLevel":"debug","message":"Found Ensure installation instructions are available in current project scope."}
{"logLevel":"debug","message":"Comparing 'org.example.StepImplementation.validateContributionSections' and 'org.example.StepImplementation.validateContributionSections'"}
{"logLevel":"debug","message":"Found Verify the following sections exist {} in current project scope."}
{"logLevel":"debug","message":"Comparing 'org.example.StepImplementation.validationOfPlugins' and 'org.example.StepImplementation.validationOfPlugins'"}
{"logLevel":"debug","message":"Found Ensure plugins title exists in current project scope."}
{"logLevel":"debug","message":"Comparing 'org.example.StepImplementation.gotoBlogPage' and 'org.example.StepImplementation.gotoBlogPage'"}
{"logLevel":"debug","message":"Found Go to Gauge Blog Page in current project scope."}
{"logLevel":"debug","message":"Comparing 'org.example.StepImplementation.gotoPluginsPage' and 'org.example.StepImplementation.gotoPluginsPage'"}
{"logLevel":"debug","message":"Found Go to Gauge Plugins Page in current project scope."}
{"logLevel":"debug","message":"Comparing 'org.example.StepImplementation.validationOfInstallation' and 'org.example.StepImplementation.validationOfInstallation'"}
{"logLevel":"debug","message":"Found Ensure installing Gauge section exists in current project scope."}
{"logLevel":"debug","message":"Comparing 'org.example.StepImplementation.gotoDocumentationPage' and 'org.example.StepImplementation.gotoDocumentationPage'"}
{"logLevel":"debug","message":"Found Go to Gauge Documentation Page in current project scope."}
{"logLevel":"debug","message":"Comparing 'org.example.StepImplementation.gotoGetStartedPage' and 'org.example.StepImplementation.gotoGetStartedPage'"}
{"logLevel":"debug","message":"Found Go to Gauge Get Started Page in current project scope."}
{"logLevel":"debug","message":"Scanning packages for hooks"}
{"logLevel":"debug","message":"Scanned steps (using static parsing + reflections): "}
{"logLevel":"debug","message":"\tOpen the Gauge homepage : public void navigateToHomepage()"}
{"logLevel":"debug","message":"\tGo to Gauge Get Started Page : public void gotoGetStartedPage() throws InterruptedException"}
{"logLevel":"debug","message":"\tEnsure documentation title exists : public void validationOfDocumentation()"}
{"logLevel":"debug","message":"\tGo to Gauge Blog Page : public void gotoBlogPage() throws InterruptedException"}
{"logLevel":"debug","message":"\tEnsure plugins title exists : public void validationOfPlugins()"}
{"logLevel":"debug","message":"\tEnsure installing Gauge section exists : public void validationOfInstallation()"}
{"logLevel":"debug","message":"\tGo to Gauge Contribution page : public void gotoContributionPage()"}
{"logLevel":"debug","message":"\tVerify the following sections exist {} : public void validateContributionSections(Table table) throws InterruptedException"}
{"logLevel":"debug","message":"\tGo to Gauge Documentation Page : public void gotoDocumentationPage() throws InterruptedException"}
{"logLevel":"debug","message":"\tEnsure installation instructions are available : public void ensureInstallationInstructionsAreAvailable() throws InterruptedException"}
{"logLevel":"debug","message":"\tGo to Gauge Plugins Page : public void gotoPluginsPage() throws InterruptedException"}
1641496102892	geckodriver	INFO	Listening on 127.0.0.1:10088
1641496103224	mozrunner::runner	INFO	Running command: "C:\\Program Files\\Mozilla Firefox\\firefox.exe" "--marionette" "-no-remote" "-profile" "C:\\Users\\Baachus\\AppData\\Local\\Temp\\rust_mozprofileVqG2zO"
1641496103611	Marionette	INFO	Marionette enabled
console.warn: SearchSettings: "get: No settings file exists, new profile?" (new NotFoundError("Could not open the file at C:\\Users\\Baachus\\AppData\\Local\\Temp\\rust_mozprofileVqG2zO\\search.json.mozlz4", (void 0)))
1641496106156	Marionette	INFO	Listening on port 54624
1641496106406	RemoteAgent	WARN	TLS certificate errors will be ignored for this session
Jan 06, 2022 1:08:26 PM org.openqa.selenium.remote.ProtocolHandshake createSession
INFO: Detected dialect: W3C
{"logLevel":"debug","message":"Executing 'Open the Gauge homepage' using 'class org.example.StepImplementation.navigateToHomepage"}
{"logLevel":"debug","message":"Executing 'Go to Gauge Contribution page' using 'class org.example.StepImplementation.gotoContributionPage"}
{"logLevel":"debug","message":"Executing 'Verify the following sections exist {}' using 'class org.example.StepImplementation.validateContributionSections"}
1641496108894	Marionette	INFO	Stopped listening on port 54624

###!!! [Parent][RunMessage] Error: Channel closing: too late to send/recv, messages will be lost

{"logLevel":"debug","message":"Killing Java runner..."}
{"logLevel":"debug","message":"Stopping execution pool..."}
{"logLevel":"debug","message":"Shutting down grpc server..."}
{"logLevel":"debug","message":"Runner killed gracefully."}
